Removed Pin From Net: NetName=GND Pin=C2-1
Removed Pin From Net: NetName=GND Pin=C9-1
Removed Pin From Net: NetName=GND Pin=C10-2
Removed Pin From Net: NetName=GND Pin=C13-2
Removed Pin From Net: NetName=GND Pin=C14-2
Removed Pin From Net: NetName=GND Pin=C15-2
Removed Pin From Net: NetName=GND Pin=C16-2
Removed Pin From Net: NetName=GND Pin=C17-2
Removed Pin From Net: NetName=GND Pin=C18-2
Removed Pin From Net: NetName=GND Pin=R13-1
Removed Pin From Net: NetName=GND Pin=R14-1
Removed Pin From Net: NetName=GND Pin=R15-1
Removed Pin From Net: NetName=GND Pin=R16-2
Removed Pin From Net: NetName=GND Pin=R17-1
Removed Pin From Net: NetName=GND Pin=R18-1
Removed Pin From Net: NetName=GND Pin=R29-1
Removed Pin From Net: NetName=GND Pin=U4-23
Removed Pin From Net: NetName=GND Pin=X1-2
Removed Pin From Net: NetName=GND Pin=X1-4
Added Pin To Net: NetName=AGND Pin=C2-1
Added Pin To Net: NetName=AGND Pin=C9-1
Added Pin To Net: NetName=AGND Pin=C10-2
Added Pin To Net: NetName=AGND Pin=C13-2
Added Pin To Net: NetName=AGND Pin=C14-2
Added Pin To Net: NetName=AGND Pin=C15-2
Added Pin To Net: NetName=AGND Pin=C16-2
Added Pin To Net: NetName=AGND Pin=C17-2
Added Pin To Net: NetName=AGND Pin=C18-2
Added Pin To Net: NetName=AGND Pin=R13-1
Added Pin To Net: NetName=AGND Pin=R14-1
Added Pin To Net: NetName=AGND Pin=R15-1
Added Pin To Net: NetName=AGND Pin=R16-2
Added Pin To Net: NetName=AGND Pin=R17-1
Added Pin To Net: NetName=AGND Pin=R18-1
Added Pin To Net: NetName=AGND Pin=R29-1
Added Pin To Net: NetName=AGND Pin=U4-23
Added Pin To Net: NetName=AGND Pin=X1-2
Added Pin To Net: NetName=AGND Pin=X1-4
Added Room: Name=ÆøÏóīŦļÐÆũ
