Removed Pin From Net: NetName=W5500_XO Pin=C9-2
Removed Pin From Net: NetName=GND Pin=C11-1
Removed Pin From Net: NetName=RXP Pin=C12-2
Removed Pin From Net: NetName=GND Pin=C14-1
Removed Pin From Net: NetName=+3.3V Pin=C14-2
Removed Pin From Net: NetName=GND Pin=C15-1
Removed Pin From Net: NetName=+3.3V Pin=C15-2
Removed Pin From Net: NetName=GND Pin=C16-1
Removed Pin From Net: NetName=+3.3V Pin=C16-2
Removed Pin From Net: NetName=RXN Pin=C17-2
Removed Pin From Net: NetName=W5500_XI Pin=C18-1
Removed Pin From Net: NetName=NetC25_1 Pin=C25-1
Removed Pin From Net: NetName=GND Pin=C25-2
Removed Pin From Net: NetName=NetC24_2 Pin=C30-2
Removed Pin From Net: NetName=VCCA_3.3V Pin=R16-1
Removed Pin From Net: NetName=NetC24_1 Pin=R16-2
Removed Pin From Net: NetName=GND Pin=R17-2
Removed Pin From Net: NetName=GND Pin=R21-1
Removed Pin From Net: NetName=+3.3V Pin=R24-2
Removed Pin From Net: NetName=+3.3V Pin=R25-2
Removed Pin From Net: NetName=NetLED1_1 Pin=R26-1
Removed Pin From Net: NetName=+3.3V Pin=R26-2
Removed Pin From Net: NetName=RXP Pin=R27-1
Removed Pin From Net: NetName=RXN Pin=R28-1
Removed Pin From Net: NetName=NetLED2_1 Pin=R29-1
Removed Pin From Net: NetName=+3.3V Pin=R29-2
Removed Pin From Net: NetName=NetC25_1 Pin=R30-1
Removed Pin From Net: NetName=GND Pin=R30-2
Removed Pin From Net: NetName=NetC24_1 Pin=RJ1-5
Removed Pin From Net: NetName=NetC11_2 Pin=U4-22
Removed Pin From Net: NetName=NetR18_2 Pin=U4-39
Removed Member From Class: ClassName=ÆøÏóīŦļÐÆũ Member=C30
Change Component Footprint: Designator=C9 Old Footprint=C0603 New Footprint=0603C
Change Component Footprint: Designator=C11 Old Footprint=C0603 New Footprint=0603C
Change Component Footprint: Designator=C12 Old Footprint=C0603 New Footprint=0603C
Change Component Footprint: Designator=C14 Old Footprint=C0603 New Footprint=0603C
Change Component Footprint: Designator=C15 Old Footprint=C0603 New Footprint=0603C
Change Component Footprint: Designator=C16 Old Footprint=C0603 New Footprint=0603C
Change Component Footprint: Designator=C17 Old Footprint=C0603 New Footprint=0603C
Change Component Footprint: Designator=C18 Old Footprint=C0603 New Footprint=0603C
Change Component Footprint: Designator=C24 Old Footprint=C0603 New Footprint=0603C
Change Component Footprint: Designator=C25 Old Footprint=C0603 New Footprint=0603C
Change Component Footprint: Designator=R9 Old Footprint=R0603 New Footprint=0603R
Change Component Footprint: Designator=R10 Old Footprint=R0603 New Footprint=0603R
Change Component Footprint: Designator=R12 Old Footprint=R0603 New Footprint=0603R
Change Component Footprint: Designator=R13 Old Footprint=R0603 New Footprint=0603R
Change Component Footprint: Designator=R14 Old Footprint=R0603 New Footprint=0603R
Change Component Footprint: Designator=R15 Old Footprint=R0603 New Footprint=0603R
Change Component Footprint: Designator=R16 Old Footprint=R0603 New Footprint=0603R
Change Component Footprint: Designator=R17 Old Footprint=R0603 New Footprint=0603R
Change Component Footprint: Designator=R18 Old Footprint=R0603 New Footprint=0603R
Change Component Footprint: Designator=R19 Old Footprint=R0603 New Footprint=0603R
Change Component Footprint: Designator=R20 Old Footprint=R0603 New Footprint=0603R
Change Component Footprint: Designator=R21 Old Footprint=R0603 New Footprint=0603R
Change Component Footprint: Designator=R22 Old Footprint=R0603 New Footprint=0603R
Change Component Footprint: Designator=R23 Old Footprint=R0603 New Footprint=0603R
Change Component Footprint: Designator=R24 Old Footprint=R0603 New Footprint=0603R
Change Component Footprint: Designator=R25 Old Footprint=R0603 New Footprint=0603R
Change Component Footprint: Designator=R26 Old Footprint=R0603 New Footprint=0603R
Change Component Footprint: Designator=R27 Old Footprint=R0603 New Footprint=0603R
Change Component Footprint: Designator=R28 Old Footprint=R0603 New Footprint=0603R
Change Component Footprint: Designator=R29 Old Footprint=R0603 New Footprint=0603R
Change Component Footprint: Designator=R30 Old Footprint=R0603 New Footprint=0603R
Change Component Footprint: Designator=R31 Old Footprint=R0603 New Footprint=0603R
Change Component Comment : Designator=R24 Old Comment=1K New Comment=Resistor
Change Component Comment : Designator=R25 Old Comment=1K New Comment=Resistor
Change Component Comment : Designator=R26 Old Comment=1K New Comment=Resistor
Change Component Comment : Designator=R29 Old Comment=1K New Comment=Resistor
Change Component Comment : Designator=R31 Old Comment=1K New Comment=Resistor
Change Component Comment : Designator=R30 Old Comment=1M New Comment=Resistor
Change Component Comment : Designator=C25 Old Comment=1nF New Comment=Capacitor
Change Component Comment : Designator=C12 Old Comment=6.8nF New Comment=Capacitor
Change Component Comment : Designator=C17 Old Comment=6.8nF New Comment=Capacitor
Change Component Comment : Designator=R9 Old Comment=10K New Comment=Resistor
Change Component Comment : Designator=R10 Old Comment=10K New Comment=Resistor
Change Component Comment : Designator=R12 Old Comment=10K New Comment=Resistor
Change Component Comment : Designator=R13 Old Comment=10K New Comment=Resistor
Change Component Comment : Designator=R14 Old Comment=10K New Comment=Resistor
Change Component Comment : Designator=R15 Old Comment=10K New Comment=Resistor
Change Component Comment : Designator=R18 Old Comment=10K New Comment=Resistor
Change Component Comment : Designator=R21 Old Comment=10K New Comment=Resistor
Change Component Comment : Designator=R22 Old Comment=10K New Comment=Resistor
Change Component Comment : Designator=R23 Old Comment=10K New Comment=Resistor
Change Component Comment : Designator=C11 Old Comment=10nF New Comment=Capacitor
Change Component Comment : Designator=R16 Old Comment=10R New Comment=Resistor
Change Component Comment : Designator=R17 Old Comment=12.4k 1% New Comment=Resistor
Change Component Comment : Designator=C9 Old Comment=12pF New Comment=Capacitor
Change Component Comment : Designator=C18 Old Comment=12pF New Comment=Capacitor
Change Component Comment : Designator=C24 Old Comment=22nF New Comment=Capacitor
Change Component Comment : Designator=R19 Old Comment=51R New Comment=Resistor
Change Component Comment : Designator=R20 Old Comment=51R New Comment=Resistor
Change Component Comment : Designator=R27 Old Comment=82R New Comment=Resistor
Change Component Comment : Designator=R28 Old Comment=82R New Comment=Resistor
Change Component Comment : Designator=C14 Old Comment=100nF New Comment=Capacitor
Change Component Comment : Designator=C15 Old Comment=100nF New Comment=Capacitor
Change Component Comment : Designator=C16 Old Comment=100nF New Comment=Capacitor
Change component parameters: Designator = "C9"; Footprint = "0603C"; UniqueID = "\KVCWTFDS"
Change component parameters. Clean all parameters for all variants
Change component parameters (AddParameter): Name = "Value"; Value = "10nf"; VariantName = "[No Variations]"
Change component parameters: Designator = "C11"; Footprint = "0603C"; UniqueID = "\SFIFESBH"
Change component parameters. Clean all parameters for all variants
Change component parameters (AddParameter): Name = "Value"; Value = "6.8nf"; VariantName = "[No Variations]"
Change component parameters: Designator = "C12"; Footprint = "0603C"; UniqueID = "\WVUNSJPA"
Change component parameters. Clean all parameters for all variants
Change component parameters (AddParameter): Name = "Value"; Value = "6.8nf"; VariantName = "[No Variations]"
Change component parameters: Designator = "C14"; Footprint = "0603C"; UniqueID = "\GMYWYKBW"
Change component parameters. Clean all parameters for all variants
Change component parameters (AddParameter): Name = "Value"; Value = "0.1uf"; VariantName = "[No Variations]"
Change component parameters: Designator = "C15"; Footprint = "0603C"; UniqueID = "\VRROJBOX"
Change component parameters. Clean all parameters for all variants
Change component parameters (AddParameter): Name = "Value"; Value = "0.1uf"; VariantName = "[No Variations]"
Change component parameters: Designator = "C16"; Footprint = "0603C"; UniqueID = "\JNUHJMVD"
Change component parameters. Clean all parameters for all variants
Change component parameters (AddParameter): Name = "Value"; Value = "0.1uf"; VariantName = "[No Variations]"
Change component parameters: Designator = "C17"; Footprint = "0603C"; UniqueID = "\NLPMSUTX"
Change component parameters. Clean all parameters for all variants
Change component parameters (AddParameter): Name = "Value"; Value = "12pf"; VariantName = "[No Variations]"
Change component parameters: Designator = "C18"; Footprint = "0603C"; UniqueID = "\SGUQPFHD"
Change component parameters. Clean all parameters for all variants
Change component parameters (AddParameter): Name = "Value"; Value = "1nf"; VariantName = "[No Variations]"
Change component parameters: Designator = "C24"; Footprint = "0603C"; UniqueID = "\KCDHJHNY"
Change component parameters. Clean all parameters for all variants
Change component parameters (AddParameter): Name = "Value"; Value = "22nf"; VariantName = "[No Variations]"
Change component parameters: Designator = "C25"; Footprint = "0603C"; UniqueID = "\VAVGGWTU"
Change component parameters. Clean all parameters for all variants
Change component parameters (AddParameter): Name = "Value"; Value = "10nf"; VariantName = "[No Variations]"
Change component parameters: Designator = "R9"; Footprint = "0603R"; UniqueID = "\UEWQYICD"
Change component parameters. Clean all parameters for all variants
Change component parameters (AddParameter): Name = "LatestRevisionDate"; Value = "27-Jul-20  -  Semtech"; VariantName = "[No Variations]"
Change component parameters (AddParameter): Name = "Value"; Value = "10K"; VariantName = "[No Variations]"
Change component parameters: Designator = "R10"; Footprint = "0603R"; UniqueID = "\KKADPXWA"
Change component parameters. Clean all parameters for all variants
Change component parameters (AddParameter): Name = "LatestRevisionDate"; Value = "27-Jul-20  -  Semtech"; VariantName = "[No Variations]"
Change component parameters (AddParameter): Name = "Value"; Value = "10K"; VariantName = "[No Variations]"
Change component parameters: Designator = "R12"; Footprint = "0603R"; UniqueID = "\URKYYYSG"
Change component parameters. Clean all parameters for all variants
Change component parameters (AddParameter): Name = "LatestRevisionDate"; Value = "27-Jul-20  -  Semtech"; VariantName = "[No Variations]"
Change component parameters (AddParameter): Name = "Value"; Value = "10K"; VariantName = "[No Variations]"
Change component parameters: Designator = "R13"; Footprint = "0603R"; UniqueID = "\NFEKQRHT"
Change component parameters. Clean all parameters for all variants
Change component parameters (AddParameter): Name = "LatestRevisionDate"; Value = "27-Jul-20  -  Semtech"; VariantName = "[No Variations]"
Change component parameters (AddParameter): Name = "Value"; Value = "10K"; VariantName = "[No Variations]"
Change component parameters: Designator = "R14"; Footprint = "0603R"; UniqueID = "\TKMUNJXJ"
Change component parameters. Clean all parameters for all variants
Change component parameters (AddParameter): Name = "LatestRevisionDate"; Value = "27-Jul-20  -  Semtech"; VariantName = "[No Variations]"
Change component parameters (AddParameter): Name = "Value"; Value = "10K"; VariantName = "[No Variations]"
Change component parameters: Designator = "R15"; Footprint = "0603R"; UniqueID = "\GWMPYFWR"
Change component parameters. Clean all parameters for all variants
Change component parameters (AddParameter): Name = "LatestRevisionDate"; Value = "27-Jul-20  -  Semtech"; VariantName = "[No Variations]"
Change component parameters (AddParameter): Name = "Value"; Value = "10K"; VariantName = "[No Variations]"
Change component parameters: Designator = "R16"; Footprint = "0603R"; UniqueID = "\DYXGYSJL"
Change component parameters. Clean all parameters for all variants
Change component parameters (AddParameter): Name = "LatestRevisionDate"; Value = "27-Jul-20  -  Semtech"; VariantName = "[No Variations]"
Change component parameters (AddParameter): Name = "Value"; Value = "12.4k 1%"; VariantName = "[No Variations]"
Change component parameters: Designator = "R17"; Footprint = "0603R"; UniqueID = "\LLJJQKDE"
Change component parameters. Clean all parameters for all variants
Change component parameters (AddParameter): Name = "LatestRevisionDate"; Value = "27-Jul-20  -  Semtech"; VariantName = "[No Variations]"
Change component parameters (AddParameter): Name = "Value"; Value = "10K"; VariantName = "[No Variations]"
Change component parameters: Designator = "R18"; Footprint = "0603R"; UniqueID = "\LBJQQCJD"
Change component parameters. Clean all parameters for all variants
Change component parameters (AddParameter): Name = "LatestRevisionDate"; Value = "27-Jul-20  -  Semtech"; VariantName = "[No Variations]"
Change component parameters (AddParameter): Name = "Value"; Value = "10K"; VariantName = "[No Variations]"
Change component parameters: Designator = "R19"; Footprint = "0603R"; UniqueID = "\WGFATKAJ"
Change component parameters. Clean all parameters for all variants
Change component parameters (AddParameter): Name = "LatestRevisionDate"; Value = "27-Jul-20  -  Semtech"; VariantName = "[No Variations]"
Change component parameters (AddParameter): Name = "Value"; Value = "51R"; VariantName = "[No Variations]"
Change component parameters: Designator = "R20"; Footprint = "0603R"; UniqueID = "\ECOHVUOH"
Change component parameters. Clean all parameters for all variants
Change component parameters (AddParameter): Name = "LatestRevisionDate"; Value = "27-Jul-20  -  Semtech"; VariantName = "[No Variations]"
Change component parameters (AddParameter): Name = "Value"; Value = "51R"; VariantName = "[No Variations]"
Change component parameters: Designator = "R21"; Footprint = "0603R"; UniqueID = "\RTTKVFST"
Change component parameters. Clean all parameters for all variants
Change component parameters (AddParameter): Name = "LatestRevisionDate"; Value = "27-Jul-20  -  Semtech"; VariantName = "[No Variations]"
Change component parameters (AddParameter): Name = "Value"; Value = "10R"; VariantName = "[No Variations]"
Change component parameters: Designator = "R22"; Footprint = "0603R"; UniqueID = "\YAPCNIDP"
Change component parameters. Clean all parameters for all variants
Change component parameters (AddParameter): Name = "LatestRevisionDate"; Value = "27-Jul-20  -  Semtech"; VariantName = "[No Variations]"
Change component parameters (AddParameter): Name = "Value"; Value = "10K"; VariantName = "[No Variations]"
Change component parameters: Designator = "R23"; Footprint = "0603R"; UniqueID = "\IQJMCCRP"
Change component parameters. Clean all parameters for all variants
Change component parameters (AddParameter): Name = "LatestRevisionDate"; Value = "27-Jul-20  -  Semtech"; VariantName = "[No Variations]"
Change component parameters (AddParameter): Name = "Value"; Value = "10K"; VariantName = "[No Variations]"
Change component parameters: Designator = "R24"; Footprint = "0603R"; UniqueID = "\VGNHUBBX"
Change component parameters. Clean all parameters for all variants
Change component parameters (AddParameter): Name = "LatestRevisionDate"; Value = "27-Jul-20  -  Semtech"; VariantName = "[No Variations]"
Change component parameters (AddParameter): Name = "Value"; Value = "1K"; VariantName = "[No Variations]"
Change component parameters: Designator = "R25"; Footprint = "0603R"; UniqueID = "\IOFGRFUX"
Change component parameters. Clean all parameters for all variants
Change component parameters (AddParameter): Name = "LatestRevisionDate"; Value = "27-Jul-20  -  Semtech"; VariantName = "[No Variations]"
Change component parameters (AddParameter): Name = "Value"; Value = "1K"; VariantName = "[No Variations]"
Change component parameters: Designator = "R26"; Footprint = "0603R"; UniqueID = "\PRWQQKAW"
Change component parameters. Clean all parameters for all variants
Change component parameters (AddParameter): Name = "LatestRevisionDate"; Value = "27-Jul-20  -  Semtech"; VariantName = "[No Variations]"
Change component parameters (AddParameter): Name = "Value"; Value = "82R"; VariantName = "[No Variations]"
Change component parameters: Designator = "R27"; Footprint = "0603R"; UniqueID = "\JVKMVGXY"
Change component parameters. Clean all parameters for all variants
Change component parameters (AddParameter): Name = "LatestRevisionDate"; Value = "27-Jul-20  -  Semtech"; VariantName = "[No Variations]"
Change component parameters (AddParameter): Name = "Value"; Value = "82R"; VariantName = "[No Variations]"
Change component parameters: Designator = "R28"; Footprint = "0603R"; UniqueID = "\KIDWSEJU"
Change component parameters. Clean all parameters for all variants
Change component parameters (AddParameter): Name = "LatestRevisionDate"; Value = "27-Jul-20  -  Semtech"; VariantName = "[No Variations]"
Change component parameters (AddParameter): Name = "Value"; Value = "1K"; VariantName = "[No Variations]"
Change component parameters: Designator = "R29"; Footprint = "0603R"; UniqueID = "\YPRISHCD"
Change component parameters. Clean all parameters for all variants
Change component parameters (AddParameter): Name = "LatestRevisionDate"; Value = "27-Jul-20  -  Semtech"; VariantName = "[No Variations]"
Change component parameters (AddParameter): Name = "Value"; Value = "1M"; VariantName = "[No Variations]"
Change component parameters: Designator = "R30"; Footprint = "0603R"; UniqueID = "\QUTWFCTK"
Change component parameters. Clean all parameters for all variants
Change component parameters (AddParameter): Name = "LatestRevisionDate"; Value = "27-Jul-20  -  Semtech"; VariantName = "[No Variations]"
Change component parameters (AddParameter): Name = "Value"; Value = "1K"; VariantName = "[No Variations]"
Change component parameters: Designator = "R31"; Footprint = "0603R"; UniqueID = "\DLKUIIKM"
Change component parameters. Clean all parameters for all variants
Change component parameters (AddParameter): Name = "LatestRevisionDate"; Value = "27-Jul-20  -  Semtech"; VariantName = "[No Variations]"
Change component parameters (AddParameter): Name = "Value"; Value = "1K"; VariantName = "[No Variations]"
Added Component: Designator=C2(0603C)
Add component. Clean all parameters for all variants
Add component (AddParameter): Name = "Value"; Value = "12pf"; VariantName = "[No Variations]"
Added Pin To Net: NetName=GND Pin=C2-1
Added Pin To Net: NetName=W5500_XO Pin=C2-2
Added Pin To Net: NetName=RXP Pin=C11-1
Added Pin To Net: NetName=RXN Pin=C12-1
Added Pin To Net: NetName=+3.3V Pin=C14-1
Added Pin To Net: NetName=GND Pin=C14-2
Added Pin To Net: NetName=+3.3V Pin=C15-1
Added Pin To Net: NetName=GND Pin=C15-2
Added Pin To Net: NetName=+3.3V Pin=C16-1
Added Pin To Net: NetName=GND Pin=C16-2
Added Pin To Net: NetName=W5500_XI Pin=C17-1
Added Pin To Net: NetName=GND Pin=C17-2
Added Pin To Net: NetName=NetC25_1 Pin=C18-1
Added Pin To Net: NetName=NetC24_1 Pin=C25-1
Added Pin To Net: NetName=GND Pin=R16-2
Added Pin To Net: NetName=GND Pin=R17-1
Added Pin To Net: NetName=VCCA_3.3V Pin=R21-1
Added Pin To Net: NetName=NetC24_2 Pin=R21-2
Added Pin To Net: NetName=+3.3V Pin=R24-1
Added Pin To Net: NetName=+3.3V Pin=R25-1
Added Pin To Net: NetName=RXP Pin=R26-1
Added Pin To Net: NetName=RXN Pin=R27-1
Added Pin To Net: NetName=NetLED1_1 Pin=R28-1
Added Pin To Net: NetName=+3.3V Pin=R28-2
Added Pin To Net: NetName=GND Pin=R29-1
Added Pin To Net: NetName=NetC25_1 Pin=R29-2
Added Pin To Net: NetName=NetLED2_1 Pin=R30-1
Added Pin To Net: NetName=+3.3V Pin=R30-2
Added Pin To Net: NetName=NetC24_2 Pin=RJ1-5
Added Pin To Net: NetName=NetC11_2 Pin=RJ1-7
Added Pin To Net: NetName=NetR18_2 Pin=U4-38
Change Net Name : Old Net Name=NetC25_1 New Net Name=NetC18_1
Added Pin To Net: NetName=NetC9_2 Pin=C9-2
Added Pin To Net: NetName=NetC9_2 Pin=U4-22
Added Net: Name=NetC9_2
Added Pin To Net: NetName=NetC12_2 Pin=C12-2
Added Pin To Net: NetName=NetC12_2 Pin=RJ1-8
Added Net: Name=NetC12_2
Added Pin To Net: NetName=NetC25_2 Pin=C25-2
Added Pin To Net: NetName=NetC25_2 Pin=R26-2
Added Pin To Net: NetName=NetC25_2 Pin=R27-2
Added Pin To Net: NetName=NetC25_2 Pin=RJ1-6
Added Net: Name=NetC25_2
Added Pin To Net: NetName=NetR16_1 Pin=R16-1
Added Pin To Net: NetName=NetR16_1 Pin=U4-10
Added Net: Name=NetR16_1
Added Pin To Net: NetName=NetR17_2 Pin=R17-2
Added Pin To Net: NetName=NetR17_2 Pin=U4-39
Added Net: Name=NetR17_2
Added Pin To Net: NetName=NetR24_2 Pin=R24-2
Added Pin To Net: NetName=NetR24_2 Pin=RJ1-1
Added Net: Name=NetR24_2
Added Pin To Net: NetName=NetR25_2 Pin=R25-2
Added Pin To Net: NetName=NetR25_2 Pin=RJ1-12
Added Net: Name=NetR25_2
Added Member To Class: ClassName=ÆøÏóīŦļÐÆũ Member=Component C2 Capacitor
Added Room: Name=ÆøÏóīŦļÐÆũ
