Added Component: Designator=C1(0805C)
Add component. Clean all parameters for all variants
Add component (AddParameter): Name = "Value"; Value = "0.1uf"; VariantName = "[No Variations]"
Added Component: Designator=C2(RB.1/.2)
Add component. Clean all parameters for all variants
Add component (AddParameter): Name = "Value"; Value = "47uf"; VariantName = "[No Variations]"
Added Component: Designator=C3(0805C)
Add component. Clean all parameters for all variants
Add component (AddParameter): Name = "Value"; Value = "0.1uf"; VariantName = "[No Variations]"
Added Component: Designator=C4(CAP-TH_BD8.0-P3.50-D0.6-FD)
Add component. Clean all parameters for all variants
Add component (AddParameter): Name = "Value"; Value = "100uf"; VariantName = "[No Variations]"
Added Component: Designator=C5(0805C)
Add component. Clean all parameters for all variants
Add component (AddParameter): Name = "Value"; Value = "0.1uf"; VariantName = "[No Variations]"
Added Component: Designator=C6(0805C)
Add component. Clean all parameters for all variants
Add component (AddParameter): Name = "Value"; Value = "1uf"; VariantName = "[No Variations]"
Added Component: Designator=C7(CAP-TH_BD5.0-P2.00-D0.8-FD)
Add component. Clean all parameters for all variants
Add component (AddParameter): Name = "Value"; Value = "10uf"; VariantName = "[No Variations]"
Added Component: Designator=C8(0805C)
Add component. Clean all parameters for all variants
Add component (AddParameter): Name = "Value"; Value = "0.1uf"; VariantName = "[No Variations]"
Added Component: Designator=C9(0805C)
Add component. Clean all parameters for all variants
Add component (AddParameter): Name = "Value"; Value = "100pf"; VariantName = "[No Variations]"
Added Component: Designator=C10(0805C)
Add component. Clean all parameters for all variants
Add component (AddParameter): Name = "Value"; Value = "22pf"; VariantName = "[No Variations]"
Added Component: Designator=CN1(CONN-TH_8P-P1.25_DF13-8P-1.25DS-20)
Add component. Clean all parameters for all variants
Add component (AddParameter): Name = "BOM_JLCPCB Part Class"; Value = "Extended Part"; VariantName = "[No Variations]"
Add component (AddParameter): Name = "BOM_Manufacturer"; Value = "HRS(Hirose)"; VariantName = "[No Variations]"
Add component (AddParameter): Name = "BOM_Manufacturer Part"; Value = "DF13-8P-1.25DS(20)"; VariantName = "[No Variations]"
Add component (AddParameter): Name = "BOM_Supplier"; Value = "LCSC"; VariantName = "[No Variations]"
Add component (AddParameter): Name = "BOM_Supplier Part"; Value = "C597874"; VariantName = "[No Variations]"
Add component (AddParameter): Name = "Contributor"; Value = "LCSC"; VariantName = "[No Variations]"
Add component (AddParameter): Name = "spicePre"; Value = "C"; VariantName = "[No Variations]"
Add component (AddParameter): Name = "spiceSymbolName"; Value = "DF13-8P-1.25DS(20)"; VariantName = "[No Variations]"
Added Component: Designator=CN2(NOISE_SENSER)
Add component. Clean all parameters for all variants
Added Component: Designator=CN3(HDR1X20)
Add component. Clean all parameters for all variants
Add component (AddParameter): Name = "LatestRevisionDate"; Value = "17-Jul-2002"; VariantName = "[No Variations]"
Add component (AddParameter): Name = "LatestRevisionNote"; Value = "Re-released for DXP Platform."; VariantName = "[No Variations]"
Add component (AddParameter): Name = "Publisher"; Value = "Altium Limited"; VariantName = "[No Variations]"
Added Component: Designator=CN4(HDR1X20)
Add component. Clean all parameters for all variants
Add component (AddParameter): Name = "LatestRevisionDate"; Value = "17-Jul-2002"; VariantName = "[No Variations]"
Add component (AddParameter): Name = "LatestRevisionNote"; Value = "Re-released for DXP Platform."; VariantName = "[No Variations]"
Add component (AddParameter): Name = "Publisher"; Value = "Altium Limited"; VariantName = "[No Variations]"
Added Component: Designator=CN5(RAIN_SENSER)
Add component. Clean all parameters for all variants
Added Component: Designator=D1(SOT-23-3_L2.9-W1.3-P1.90-LS2.4-BR)
Add component. Clean all parameters for all variants
Add component (AddParameter): Name = "BOM_JLCPCB Part Class"; Value = "Extended Part"; VariantName = "[No Variations]"
Add component (AddParameter): Name = "BOM_Manufacturer"; Value = "FUXINSEMI"; VariantName = "[No Variations]"
Add component (AddParameter): Name = "BOM_Manufacturer Part"; Value = "SM712"; VariantName = "[No Variations]"
Add component (AddParameter): Name = "BOM_Supplier"; Value = "LCSC"; VariantName = "[No Variations]"
Add component (AddParameter): Name = "BOM_Supplier Part"; Value = "C908219"; VariantName = "[No Variations]"
Add component (AddParameter): Name = "Contributor"; Value = "LCSC"; VariantName = "[No Variations]"
Add component (AddParameter): Name = "spicePre"; Value = "D"; VariantName = "[No Variations]"
Add component (AddParameter): Name = "spiceSymbolName"; Value = "SM712_C908219"; VariantName = "[No Variations]"
Added Component: Designator=D2(SOT-23-3_L2.9-W1.3-P1.90-LS2.4-BR)
Add component. Clean all parameters for all variants
Add component (AddParameter): Name = "BOM_JLCPCB Part Class"; Value = "Extended Part"; VariantName = "[No Variations]"
Add component (AddParameter): Name = "BOM_Manufacturer"; Value = "FUXINSEMI"; VariantName = "[No Variations]"
Add component (AddParameter): Name = "BOM_Manufacturer Part"; Value = "SM712"; VariantName = "[No Variations]"
Add component (AddParameter): Name = "BOM_Supplier"; Value = "LCSC"; VariantName = "[No Variations]"
Add component (AddParameter): Name = "BOM_Supplier Part"; Value = "C908219"; VariantName = "[No Variations]"
Add component (AddParameter): Name = "Contributor"; Value = "LCSC"; VariantName = "[No Variations]"
Add component (AddParameter): Name = "spicePre"; Value = "D"; VariantName = "[No Variations]"
Add component (AddParameter): Name = "spiceSymbolName"; Value = "SM712_C908219"; VariantName = "[No Variations]"
Added Component: Designator=L1(FILTER-SMD_4P-L2.1-W1.3-BL)
Add component. Clean all parameters for all variants
Add component (AddParameter): Name = "BOM_JLCPCB Part Class"; Value = "Extended Part"; VariantName = "[No Variations]"
Add component (AddParameter): Name = "BOM_Manufacturer"; Value = "chilisin(ĆćÁ¦ĐÂ)"; VariantName = "[No Variations]"
Add component (AddParameter): Name = "BOM_Manufacturer Part"; Value = "CUWI21T-900Y-N"; VariantName = "[No Variations]"
Add component (AddParameter): Name = "BOM_Supplier"; Value = "LCSC"; VariantName = "[No Variations]"
Add component (AddParameter): Name = "BOM_Supplier Part"; Value = "C280477"; VariantName = "[No Variations]"
Add component (AddParameter): Name = "Contributor"; Value = "LCSC"; VariantName = "[No Variations]"
Add component (AddParameter): Name = "spicePre"; Value = "L"; VariantName = "[No Variations]"
Add component (AddParameter): Name = "spiceSymbolName"; Value = "CUWI21T-900Y-N"; VariantName = "[No Variations]"
Added Component: Designator=L2(FILTER-SMD_4P-L2.1-W1.3-BL)
Add component. Clean all parameters for all variants
Add component (AddParameter): Name = "BOM_JLCPCB Part Class"; Value = "Extended Part"; VariantName = "[No Variations]"
Add component (AddParameter): Name = "BOM_Manufacturer"; Value = "chilisin(ĆćÁ¦ĐÂ)"; VariantName = "[No Variations]"
Add component (AddParameter): Name = "BOM_Manufacturer Part"; Value = "CUWI21T-900Y-N"; VariantName = "[No Variations]"
Add component (AddParameter): Name = "BOM_Supplier"; Value = "LCSC"; VariantName = "[No Variations]"
Add component (AddParameter): Name = "BOM_Supplier Part"; Value = "C280477"; VariantName = "[No Variations]"
Add component (AddParameter): Name = "Contributor"; Value = "LCSC"; VariantName = "[No Variations]"
Add component (AddParameter): Name = "spicePre"; Value = "L"; VariantName = "[No Variations]"
Add component (AddParameter): Name = "spiceSymbolName"; Value = "CUWI21T-900Y-N"; VariantName = "[No Variations]"
Added Component: Designator=P2(5.08 LINKER 1*4)
Add component. Clean all parameters for all variants
Added Component: Designator=R1(0603R)
Add component. Clean all parameters for all variants
Add component (AddParameter): Name = "LatestRevisionDate"; Value = "27-Jul-20  -  Semtech"; VariantName = "[No Variations]"
Add component (AddParameter): Name = "Value"; Value = "10k"; VariantName = "[No Variations]"
Added Component: Designator=R2(0603R)
Add component. Clean all parameters for all variants
Add component (AddParameter): Name = "LatestRevisionDate"; Value = "27-Jul-20  -  Semtech"; VariantName = "[No Variations]"
Add component (AddParameter): Name = "Value"; Value = "10k"; VariantName = "[No Variations]"
Added Component: Designator=R3(0603R)
Add component. Clean all parameters for all variants
Add component (AddParameter): Name = "LatestRevisionDate"; Value = "27-Jul-20  -  Semtech"; VariantName = "[No Variations]"
Add component (AddParameter): Name = "Value"; Value = "100k"; VariantName = "[No Variations]"
Added Component: Designator=R4(0603R)
Add component. Clean all parameters for all variants
Add component (AddParameter): Name = "LatestRevisionDate"; Value = "27-Jul-20  -  Semtech"; VariantName = "[No Variations]"
Add component (AddParameter): Name = "Value"; Value = "120R"; VariantName = "[No Variations]"
Added Component: Designator=R5(0603R)
Add component. Clean all parameters for all variants
Add component (AddParameter): Name = "LatestRevisionDate"; Value = "27-Jul-20  -  Semtech"; VariantName = "[No Variations]"
Add component (AddParameter): Name = "Value"; Value = "100k"; VariantName = "[No Variations]"
Added Component: Designator=R6(0603R)
Add component. Clean all parameters for all variants
Add component (AddParameter): Name = "LatestRevisionDate"; Value = "27-Jul-20  -  Semtech"; VariantName = "[No Variations]"
Add component (AddParameter): Name = "Value"; Value = "100k"; VariantName = "[No Variations]"
Added Component: Designator=R7(0603R)
Add component. Clean all parameters for all variants
Add component (AddParameter): Name = "LatestRevisionDate"; Value = "27-Jul-20  -  Semtech"; VariantName = "[No Variations]"
Add component (AddParameter): Name = "Value"; Value = "120R"; VariantName = "[No Variations]"
Added Component: Designator=R8(0603R)
Add component. Clean all parameters for all variants
Add component (AddParameter): Name = "LatestRevisionDate"; Value = "27-Jul-20  -  Semtech"; VariantName = "[No Variations]"
Add component (AddParameter): Name = "Value"; Value = "100k"; VariantName = "[No Variations]"
Added Component: Designator=U1(SOIC-8_L5.0-W4.0-P1.27-LS6.0-BL)
Add component. Clean all parameters for all variants
Add component (AddParameter): Name = "BOM_JLCPCB Part Class"; Value = "Basic Part"; VariantName = "[No Variations]"
Add component (AddParameter): Name = "BOM_Manufacturer"; Value = "EXAR"; VariantName = "[No Variations]"
Add component (AddParameter): Name = "BOM_Manufacturer Part"; Value = "SP3485EN-L/TR"; VariantName = "[No Variations]"
Add component (AddParameter): Name = "BOM_Supplier"; Value = "LCSC"; VariantName = "[No Variations]"
Add component (AddParameter): Name = "BOM_Supplier Part"; Value = "C8963"; VariantName = "[No Variations]"
Add component (AddParameter): Name = "spicePre"; Value = "U"; VariantName = "[No Variations]"
Add component (AddParameter): Name = "spiceSymbolName"; Value = "SP3485EN-L/TR"; VariantName = "[No Variations]"
Added Component: Designator=U2(SOIC-8_L5.0-W4.0-P1.27-LS6.0-BL)
Add component. Clean all parameters for all variants
Add component (AddParameter): Name = "BOM_JLCPCB Part Class"; Value = "Basic Part"; VariantName = "[No Variations]"
Add component (AddParameter): Name = "BOM_Manufacturer"; Value = "EXAR"; VariantName = "[No Variations]"
Add component (AddParameter): Name = "BOM_Manufacturer Part"; Value = "SP3485EN-L/TR"; VariantName = "[No Variations]"
Add component (AddParameter): Name = "BOM_Supplier"; Value = "LCSC"; VariantName = "[No Variations]"
Add component (AddParameter): Name = "BOM_Supplier Part"; Value = "C8963"; VariantName = "[No Variations]"
Add component (AddParameter): Name = "spicePre"; Value = "U"; VariantName = "[No Variations]"
Add component (AddParameter): Name = "spiceSymbolName"; Value = "SP3485EN-L/TR"; VariantName = "[No Variations]"
Added Component: Designator=U3(DHT11)
Add component. Clean all parameters for all variants
Add component (AddParameter): Name = "BOM_JLCPCB Part Class"; Value = "Extended Part"; VariantName = "[No Variations]"
Add component (AddParameter): Name = "BOM_Manufacturer"; Value = "Aosong (Guangzhou) Elec"; VariantName = "[No Variations]"
Add component (AddParameter): Name = "BOM_Manufacturer Part"; Value = "DHT11"; VariantName = "[No Variations]"
Add component (AddParameter): Name = "BOM_Supplier"; Value = "LCSC"; VariantName = "[No Variations]"
Add component (AddParameter): Name = "BOM_Supplier Part"; Value = "C117051"; VariantName = "[No Variations]"
Add component (AddParameter): Name = "Contributor"; Value = "LCSC"; VariantName = "[No Variations]"
Add component (AddParameter): Name = "spicePre"; Value = "U"; VariantName = "[No Variations]"
Add component (AddParameter): Name = "spiceSymbolName"; Value = "DHT11"; VariantName = "[No Variations]"
Added Component: Designator=U4(TO-252)
Add component. Clean all parameters for all variants
Added Component: Designator=U5(SOT223)
Add component. Clean all parameters for all variants
Added Pin To Net: NetName=+3.3V Pin=CN3-3
Added Pin To Net: NetName=+3.3V Pin=CN4-1
Added Pin To Net: NetName=+3.3V Pin=R3-1
Added Pin To Net: NetName=+3.3V Pin=R6-2
Added Pin To Net: NetName=+3.3V Pin=U1-8
Added Pin To Net: NetName=+3.3V Pin=U2-8
Added Net: Name=+3.3V
Added Pin To Net: NetName=+12V Pin=C2-1
Added Pin To Net: NetName=+12V Pin=C3-2
Added Pin To Net: NetName=+12V Pin=CN5-1
Added Pin To Net: NetName=+12V Pin=P2-2
Added Pin To Net: NetName=+12V Pin=P2-2
Added Pin To Net: NetName=+12V Pin=U4-1
Added Net: Name=+12V
Added Pin To Net: NetName=3.3V Pin=C7-1
Added Pin To Net: NetName=3.3V Pin=C8-2
Added Pin To Net: NetName=3.3V Pin=C9-2
Added Pin To Net: NetName=3.3V Pin=C10-1
Added Pin To Net: NetName=3.3V Pin=U5-2
Added Pin To Net: NetName=3.3V Pin=U5-4
Added Net: Name=3.3V
Added Pin To Net: NetName=3V3 Pin=C1-1
Added Pin To Net: NetName=3V3 Pin=CN2-3
Added Pin To Net: NetName=3V3 Pin=R1-2
Added Pin To Net: NetName=3V3 Pin=R2-1
Added Pin To Net: NetName=3V3 Pin=U3-1
Added Net: Name=3V3
Added Pin To Net: NetName=5V Pin=C4-1
Added Pin To Net: NetName=5V Pin=C5-1
Added Pin To Net: NetName=5V Pin=C6-1
Added Pin To Net: NetName=5V Pin=CN1-1
Added Pin To Net: NetName=5V Pin=U4-3
Added Pin To Net: NetName=5V Pin=U5-3
Added Net: Name=5V
Added Pin To Net: NetName=DHT11_DATA Pin=CN3-15
Added Pin To Net: NetName=DHT11_DATA Pin=U3-2
Added Net: Name=DHT11_DATA
Added Pin To Net: NetName=GND Pin=C1-2
Added Pin To Net: NetName=GND Pin=C2-2
Added Pin To Net: NetName=GND Pin=C3-1
Added Pin To Net: NetName=GND Pin=C4-2
Added Pin To Net: NetName=GND Pin=C5-2
Added Pin To Net: NetName=GND Pin=C6-2
Added Pin To Net: NetName=GND Pin=C7-2
Added Pin To Net: NetName=GND Pin=C8-1
Added Pin To Net: NetName=GND Pin=C9-1
Added Pin To Net: NetName=GND Pin=C10-2
Added Pin To Net: NetName=GND Pin=CN1-2
Added Pin To Net: NetName=GND Pin=CN2-4
Added Pin To Net: NetName=GND Pin=CN3-1
Added Pin To Net: NetName=GND Pin=CN3-2
Added Pin To Net: NetName=GND Pin=CN4-2
Added Pin To Net: NetName=GND Pin=CN5-2
Added Pin To Net: NetName=GND Pin=D1-3
Added Pin To Net: NetName=GND Pin=D2-3
Added Pin To Net: NetName=GND Pin=P2-1
Added Pin To Net: NetName=GND Pin=P2-1
Added Pin To Net: NetName=GND Pin=R5-1
Added Pin To Net: NetName=GND Pin=R8-1
Added Pin To Net: NetName=GND Pin=U1-5
Added Pin To Net: NetName=GND Pin=U2-5
Added Pin To Net: NetName=GND Pin=U3-4
Added Pin To Net: NetName=GND Pin=U4-2
Added Pin To Net: NetName=GND Pin=U5-1
Added Net: Name=GND
Added Pin To Net: NetName=NetCN3_4 Pin=CN3-4
Added Net: Name=NetCN3_4
Added Pin To Net: NetName=NetCN3_7 Pin=CN3-7
Added Net: Name=NetCN3_7
Added Pin To Net: NetName=NetCN3_8 Pin=CN3-8
Added Net: Name=NetCN3_8
Added Pin To Net: NetName=NetCN3_9 Pin=CN3-9
Added Net: Name=NetCN3_9
Added Pin To Net: NetName=NetCN3_17 Pin=CN3-17
Added Net: Name=NetCN3_17
Added Pin To Net: NetName=NetCN3_18 Pin=CN3-18
Added Net: Name=NetCN3_18
Added Pin To Net: NetName=NetCN3_19 Pin=CN3-19
Added Net: Name=NetCN3_19
Added Pin To Net: NetName=NetCN3_20 Pin=CN3-20
Added Net: Name=NetCN3_20
Added Pin To Net: NetName=NetCN4_3 Pin=CN4-3
Added Net: Name=NetCN4_3
Added Pin To Net: NetName=NetCN4_4 Pin=CN4-4
Added Net: Name=NetCN4_4
Added Pin To Net: NetName=NetCN4_5 Pin=CN4-5
Added Net: Name=NetCN4_5
Added Pin To Net: NetName=NetCN4_8 Pin=CN4-8
Added Net: Name=NetCN4_8
Added Pin To Net: NetName=NetCN4_9 Pin=CN4-9
Added Net: Name=NetCN4_9
Added Pin To Net: NetName=NetCN4_10 Pin=CN4-10
Added Net: Name=NetCN4_10
Added Pin To Net: NetName=NetCN4_11 Pin=CN4-11
Added Net: Name=NetCN4_11
Added Pin To Net: NetName=NetCN4_12 Pin=CN4-12
Added Net: Name=NetCN4_12
Added Pin To Net: NetName=NetCN4_13 Pin=CN4-13
Added Net: Name=NetCN4_13
Added Pin To Net: NetName=NetCN4_17 Pin=CN4-17
Added Net: Name=NetCN4_17
Added Pin To Net: NetName=NetCN4_18 Pin=CN4-18
Added Net: Name=NetCN4_18
Added Pin To Net: NetName=NetCN4_19 Pin=CN4-19
Added Net: Name=NetCN4_19
Added Pin To Net: NetName=NetL1_1 Pin=L1-1
Added Pin To Net: NetName=NetL1_1 Pin=R3-2
Added Pin To Net: NetName=NetL1_1 Pin=R4-2
Added Pin To Net: NetName=NetL1_1 Pin=U1-6
Added Net: Name=NetL1_1
Added Pin To Net: NetName=NetL1_4 Pin=L1-4
Added Pin To Net: NetName=NetL1_4 Pin=R4-1
Added Pin To Net: NetName=NetL1_4 Pin=R5-2
Added Pin To Net: NetName=NetL1_4 Pin=U1-7
Added Net: Name=NetL1_4
Added Pin To Net: NetName=NetL2_1 Pin=L2-1
Added Pin To Net: NetName=NetL2_1 Pin=R6-1
Added Pin To Net: NetName=NetL2_1 Pin=R7-1
Added Pin To Net: NetName=NetL2_1 Pin=U2-6
Added Net: Name=NetL2_1
Added Pin To Net: NetName=NetL2_4 Pin=L2-4
Added Pin To Net: NetName=NetL2_4 Pin=R7-2
Added Pin To Net: NetName=NetL2_4 Pin=R8-2
Added Pin To Net: NetName=NetL2_4 Pin=U2-7
Added Net: Name=NetL2_4
Added Pin To Net: NetName=NOISE_ADC Pin=CN2-2
Added Pin To Net: NetName=NOISE_ADC Pin=CN3-16
Added Net: Name=NOISE_ADC
Added Pin To Net: NetName=NOISE_INT Pin=CN2-1
Added Pin To Net: NetName=NOISE_INT Pin=CN3-10
Added Net: Name=NOISE_INT
Added Pin To Net: NetName=PM_SENSER_RESET Pin=CN1-6
Added Pin To Net: NetName=PM_SENSER_RESET Pin=CN3-11
Added Pin To Net: NetName=PM_SENSER_RESET Pin=R2-2
Added Net: Name=PM_SENSER_RESET
Added Pin To Net: NetName=PM_SENSER_SET Pin=CN1-3
Added Pin To Net: NetName=PM_SENSER_SET Pin=CN3-12
Added Pin To Net: NetName=PM_SENSER_SET Pin=R1-1
Added Net: Name=PM_SENSER_SET
Added Pin To Net: NetName=RS485_1_EN Pin=CN4-16
Added Net: Name=RS485_1_EN
Added Pin To Net: NetName=RS485_1A Pin=D1-2
Added Pin To Net: NetName=RS485_1A Pin=L1-2
Added Pin To Net: NetName=RS485_1A Pin=P2-3
Added Pin To Net: NetName=RS485_1A Pin=P2-3
Added Net: Name=RS485_1A
Added Pin To Net: NetName=RS485_1B Pin=D1-1
Added Pin To Net: NetName=RS485_1B Pin=L1-3
Added Pin To Net: NetName=RS485_1B Pin=P2-4
Added Pin To Net: NetName=RS485_1B Pin=P2-4
Added Net: Name=RS485_1B
Added Pin To Net: NetName=RS485_3_EN Pin=CN4-20
Added Net: Name=RS485_3_EN
Added Pin To Net: NetName=RS485_3A Pin=CN5-3
Added Pin To Net: NetName=RS485_3A Pin=D2-2
Added Pin To Net: NetName=RS485_3A Pin=L2-2
Added Net: Name=RS485_3A
Added Pin To Net: NetName=RS485_3B Pin=CN5-4
Added Pin To Net: NetName=RS485_3B Pin=D2-1
Added Pin To Net: NetName=RS485_3B Pin=L2-3
Added Net: Name=RS485_3B
Added Pin To Net: NetName=RX1 Pin=CN4-14
Added Pin To Net: NetName=RX1 Pin=U1-4
Added Net: Name=RX1
Added Pin To Net: NetName=RX2 Pin=CN1-5
Added Pin To Net: NetName=RX2 Pin=CN3-13
Added Net: Name=RX2
Added Pin To Net: NetName=RX3 Pin=CN3-5
Added Pin To Net: NetName=RX3 Pin=U2-4
Added Net: Name=RX3
Added Pin To Net: NetName=SCL Pin=CN4-7
Added Net: Name=SCL
Added Pin To Net: NetName=SDA Pin=CN4-6
Added Net: Name=SDA
Added Pin To Net: NetName=TX1 Pin=CN4-15
Added Pin To Net: NetName=TX1 Pin=U1-1
Added Net: Name=TX1
Added Pin To Net: NetName=TX2 Pin=CN1-4
Added Pin To Net: NetName=TX2 Pin=CN3-14
Added Net: Name=TX2
Added Pin To Net: NetName=TX3 Pin=CN3-6
Added Pin To Net: NetName=TX3 Pin=U2-1
Added Net: Name=TX3
Added Pin To Net: NetName=UART1_EN Pin=U1-2
Added Pin To Net: NetName=UART1_EN Pin=U1-3
Added Net: Name=UART1_EN
Added Pin To Net: NetName=UART3_EN Pin=U2-2
Added Pin To Net: NetName=UART3_EN Pin=U2-3
Added Net: Name=UART3_EN
Added Class: Name=ĆřĎó´«¸ĐĆ÷
Added Room: Name=ĆřĎó´«¸ĐĆ÷
